#
# There is insufficient memory for the Java Runtime Environment to continue.
# Native memory allocation (mmap) failed to map 98566144 bytes for G1 virtual space
# Possible reasons:
#   The system is out of physical RAM or swap space
#   The process is running with CompressedOops enabled, and the Java Heap may be blocking the growth of the native heap
# Possible solutions:
#   Reduce memory load on the system
#   Increase physical memory or swap space
#   Check if swap backing store is full
#   Decrease Java heap size (-Xmx/-Xms)
#   Decrease number of Java threads
#   Decrease Java thread stack sizes (-Xss)
#   Set larger code cache with -XX:ReservedCodeCacheSize=
#   JVM is running with Unscaled Compressed Oops mode in which the Java heap is
#     placed in the first 4GB address space. The Java Heap base address is the
#     maximum limit for the native heap growth. Please use -XX:HeapBaseMinAddress
#     to set the Java Heap base and to place the Java Heap above 4GB virtual address.
# This output file may be truncated or incomplete.
#
#  Out of Memory Error (os_windows.cpp:3600), pid=11252, tid=50524
#
# JRE version:  (21.0.2+13) (build )
# Java VM: OpenJDK 64-Bit Server VM (21.0.2+13-LTS, mixed mode, sharing, tiered, compressed oops, compressed class ptrs, g1 gc, windows-amd64)
# No core dump will be written. Minidumps are not enabled by default on client versions of Windows
#

---------------  S U M M A R Y ------------

Command Line: -Dclassworlds.conf=C:\apache-maven-3.9.3\bin\m2.conf -Dmaven.home=C:\apache-maven-3.9.3 -Dlibrary.jansi.path=C:\apache-maven-3.9.3\lib\jansi-native -Dmaven.multiModuleProjectDirectory=C:\Workspace\desafios tecnicos\Galinha Poedeira\Galinha.poedeira org.codehaus.plexus.classworlds.launcher.Launcher clean install

Host: AMD Ryzen 7 5700U with Radeon Graphics         , 16 cores, 5G,  Windows 11 , 64 bit Build 22621 (10.0.22621.3672)
Time: Mon Jul 22 22:35:52 2024 Hora Padrão da Bahia elapsed time: 0.025138 seconds (0d 0h 0m 0s)

---------------  T H R E A D  ---------------

Current thread (0x000001b83786d1d0):  JavaThread "Unknown thread" [_thread_in_vm, id=50524, stack(0x00000046d0000000,0x00000046d0100000) (1024K)]

Stack: [0x00000046d0000000,0x00000046d0100000]
Native frames: (J=compiled Java code, j=interpreted, Vv=VM code, C=native code)
V  [jvm.dll+0x6c94f9]
V  [jvm.dll+0x8a3c21]
V  [jvm.dll+0x8a614e]
V  [jvm.dll+0x8a6823]
V  [jvm.dll+0x27fa86]
V  [jvm.dll+0x6c5c75]
V  [jvm.dll+0x6ba96a]
V  [jvm.dll+0x35398a]
V  [jvm.dll+0x35b536]
V  [jvm.dll+0x3ac6be]
V  [jvm.dll+0x3ac968]
V  [jvm.dll+0x327bcc]
V  [jvm.dll+0x32872b]
V  [jvm.dll+0x86ccf9]
V  [jvm.dll+0x3b96c1]
V  [jvm.dll+0x854ec8]
V  [jvm.dll+0x44d44e]
V  [jvm.dll+0x44eed1]
C  [jli.dll+0x5278]
C  [ucrtbase.dll+0x29333]
C  [KERNEL32.DLL+0x1257d]
C  [ntdll.dll+0x5af28]


---------------  P R O C E S S  ---------------

Threads class SMR info:
_java_thread_list=0x00007ffa8dccf088, length=0, elements={
}

Java Threads: ( => current thread )
Total: 0

Other Threads:
  0x000001b839a359e0 WorkerThread "GC Thread#0"                     [id=20720, stack(0x00000046d0100000,0x00000046d0200000) (1024K)]
  0x000001b839a42800 ConcurrentGCThread "G1 Main Marker"            [id=42172, stack(0x00000046d0200000,0x00000046d0300000) (1024K)]
  0x000001b839a43aa0 WorkerThread "G1 Conc#0"                       [id=24036, stack(0x00000046d0300000,0x00000046d0400000) (1024K)]

[error occurred during error reporting (printing all threads), id 0xc0000005, EXCEPTION_ACCESS_VIOLATION (0xc0000005) at pc=0x00007ffa8d3da4f7]
VM state: not at safepoint (not fully initialized)

VM Mutex/Monitor currently owned by a thread:  ([mutex/lock_event])
[0x00007ffa8dd43298] Heap_lock - owner thread: 0x000001b83786d1d0

Heap address: 0x00000000a2200000, size: 1502 MB, Compressed Oops mode: 32-bit

CDS archive(s) mapped at: [0x0000000000000000-0x0000000000000000-0x0000000000000000), size 0, SharedBaseAddress: 0x0000000800000000, ArchiveRelocationMode: 1.
Narrow klass base: 0x0000000000000000, Narrow klass shift: 0, Narrow klass range: 0x0

GC Precious Log:
 CardTable entry size: 512
 Card Set container configuration: InlinePtr #cards 5 size 8 Array Of Cards #cards 12 size 40 Howl #buckets 4 coarsen threshold 1843 Howl Bitmap #cards 512 size 80 coarsen threshold 460 Card regions per heap region 1 cards per card region 2048

Heap:
 garbage-first heap   total 0K, used 0K [0x00000000a2200000, 0x0000000100000000)
  region size 1024K, 0 young (0K), 0 survivors (0K)

[error occurred during error reporting (printing heap information), id 0xc0000005, EXCEPTION_ACCESS_VIOLATION (0xc0000005) at pc=0x00007ffa8d7c23c9]
GC Heap History (0 events):
No events

Dll operation events (1 events):
Event: 0.014 Loaded shared library C:\Program Files\Eclipse Adoptium\jdk-21.0.2.13-hotspot\bin\java.dll

Deoptimization events (0 events):
No events

Classes loaded (0 events):
No events

Classes unloaded (0 events):
No events

Classes redefined (0 events):
No events

Internal exceptions (0 events):
No events

ZGC Phase Switch (0 events):
No events

VM Operations (0 events):
No events

Events (0 events):
No events


Dynamic libraries:
0x00007ff6e0f20000 - 0x00007ff6e0f2e000 	C:\Program Files\Eclipse Adoptium\jdk-21.0.2.13-hotspot\bin\java.exe
0x00007ffb71990000 - 0x00007ffb71ba7000 	C:\WINDOWS\SYSTEM32\ntdll.dll
0x00007ffb2eec0000 - 0x00007ffb2eeda000 	C:\Program Files\Avast Software\Avast\aswhook.dll
0x00007ffb6f730000 - 0x00007ffb6f7f4000 	C:\WINDOWS\System32\KERNEL32.DLL
0x00007ffb6f1b0000 - 0x00007ffb6f55d000 	C:\WINDOWS\System32\KERNELBASE.dll
0x00007ffb6f090000 - 0x00007ffb6f1a1000 	C:\WINDOWS\System32\ucrtbase.dll
0x00007ffb4aed0000 - 0x00007ffb4aee8000 	C:\Program Files\Eclipse Adoptium\jdk-21.0.2.13-hotspot\bin\jli.dll
0x00007ffb4ae60000 - 0x00007ffb4ae7b000 	C:\Program Files\Eclipse Adoptium\jdk-21.0.2.13-hotspot\bin\VCRUNTIME140.dll
0x00007ffb6fa50000 - 0x00007ffb6fbfe000 	C:\WINDOWS\System32\USER32.dll
0x00007ffb6ed90000 - 0x00007ffb6edb6000 	C:\WINDOWS\System32\win32u.dll
0x00007ffb56c30000 - 0x00007ffb56ec3000 	C:\WINDOWS\WinSxS\amd64_microsoft.windows.common-controls_6595b64144ccf1df_6.0.22621.3672_none_2713b9d173822955\COMCTL32.dll
0x00007ffb70a70000 - 0x00007ffb70a99000 	C:\WINDOWS\System32\GDI32.dll
0x00007ffb6fd30000 - 0x00007ffb6fdd7000 	C:\WINDOWS\System32\msvcrt.dll
0x00007ffb6edc0000 - 0x00007ffb6eed9000 	C:\WINDOWS\System32\gdi32full.dll
0x00007ffb6ecf0000 - 0x00007ffb6ed8a000 	C:\WINDOWS\System32\msvcp_win.dll
0x00007ffb6fa10000 - 0x00007ffb6fa41000 	C:\WINDOWS\System32\IMM32.DLL
0x00007ffb55090000 - 0x00007ffb5509c000 	C:\Program Files\Eclipse Adoptium\jdk-21.0.2.13-hotspot\bin\vcruntime140_1.dll
0x00007ffaddce0000 - 0x00007ffaddd6e000 	C:\Program Files\Eclipse Adoptium\jdk-21.0.2.13-hotspot\bin\msvcp140.dll
0x00007ffa8d0a0000 - 0x00007ffa8de23000 	C:\Program Files\Eclipse Adoptium\jdk-21.0.2.13-hotspot\bin\server\jvm.dll
0x00007ffb6fc00000 - 0x00007ffb6fcb2000 	C:\WINDOWS\System32\ADVAPI32.dll
0x00007ffb6f900000 - 0x00007ffb6f9a9000 	C:\WINDOWS\System32\sechost.dll
0x00007ffb6ecc0000 - 0x00007ffb6ece8000 	C:\WINDOWS\System32\bcrypt.dll
0x00007ffb70aa0000 - 0x00007ffb70bb4000 	C:\WINDOWS\System32\RPCRT4.dll
0x00007ffb700e0000 - 0x00007ffb70151000 	C:\WINDOWS\System32\WS2_32.dll
0x00007ffb6e9d0000 - 0x00007ffb6ea1d000 	C:\WINDOWS\SYSTEM32\POWRPROF.dll
0x00007ffb691d0000 - 0x00007ffb69204000 	C:\WINDOWS\SYSTEM32\WINMM.dll
0x00007ffb654a0000 - 0x00007ffb654aa000 	C:\WINDOWS\SYSTEM32\VERSION.dll
0x00007ffb6e9b0000 - 0x00007ffb6e9c3000 	C:\WINDOWS\SYSTEM32\UMPDC.dll
0x00007ffb6dcc0000 - 0x00007ffb6dcd8000 	C:\WINDOWS\SYSTEM32\kernel.appcore.dll
0x00007ffb51b40000 - 0x00007ffb51b4a000 	C:\Program Files\Eclipse Adoptium\jdk-21.0.2.13-hotspot\bin\jimage.dll
0x00007ffb6c6c0000 - 0x00007ffb6c8f2000 	C:\WINDOWS\SYSTEM32\DBGHELP.DLL
0x00007ffb70180000 - 0x00007ffb70508000 	C:\WINDOWS\System32\combase.dll
0x00007ffb70510000 - 0x00007ffb705e7000 	C:\WINDOWS\System32\OLEAUT32.dll
0x00007ffb643c0000 - 0x00007ffb643f2000 	C:\WINDOWS\SYSTEM32\dbgcore.DLL
0x00007ffb6f010000 - 0x00007ffb6f08b000 	C:\WINDOWS\System32\bcryptPrimitives.dll
0x00007ffb4adb0000 - 0x00007ffb4adcf000 	C:\Program Files\Eclipse Adoptium\jdk-21.0.2.13-hotspot\bin\java.dll

dbghelp: loaded successfully - version: 4.0.5 - missing functions: none
symbol engine: initialized successfully - sym options: 0x614 - pdb path: .;C:\Program Files\Eclipse Adoptium\jdk-21.0.2.13-hotspot\bin;C:\WINDOWS\SYSTEM32;C:\Program Files\Avast Software\Avast;C:\WINDOWS\WinSxS\amd64_microsoft.windows.common-controls_6595b64144ccf1df_6.0.22621.3672_none_2713b9d173822955;C:\Program Files\Eclipse Adoptium\jdk-21.0.2.13-hotspot\bin\server

VM Arguments:
jvm_args: -Dclassworlds.conf=C:\apache-maven-3.9.3\bin\m2.conf -Dmaven.home=C:\apache-maven-3.9.3 -Dlibrary.jansi.path=C:\apache-maven-3.9.3\lib\jansi-native -Dmaven.multiModuleProjectDirectory=C:\Workspace\desafios tecnicos\Galinha Poedeira\Galinha.poedeira 
java_command: org.codehaus.plexus.classworlds.launcher.Launcher clean install
java_class_path (initial): C:\apache-maven-3.9.3\boot\plexus-classworlds-2.7.0.jar
Launcher Type: SUN_STANDARD

[Global flags]
     intx CICompilerCount                          = 12                                        {product} {ergonomic}
     uint ConcGCThreads                            = 3                                         {product} {ergonomic}
     uint G1ConcRefinementThreads                  = 13                                        {product} {ergonomic}
   size_t G1HeapRegionSize                         = 1048576                                   {product} {ergonomic}
    uintx GCDrainStackTargetSize                   = 64                                        {product} {ergonomic}
   size_t InitialHeapSize                          = 98566144                                  {product} {ergonomic}
   size_t MarkStackSize                            = 4194304                                   {product} {ergonomic}
   size_t MaxHeapSize                              = 1574961152                                {product} {ergonomic}
   size_t MinHeapDeltaBytes                        = 1048576                                   {product} {ergonomic}
   size_t MinHeapSize                              = 8388608                                   {product} {ergonomic}
    uintx NonNMethodCodeHeapSize                   = 7602480                                {pd product} {ergonomic}
    uintx NonProfiledCodeHeapSize                  = 122027880                              {pd product} {ergonomic}
    uintx ProfiledCodeHeapSize                     = 122027880                              {pd product} {ergonomic}
    uintx ReservedCodeCacheSize                    = 251658240                              {pd product} {ergonomic}
     bool SegmentedCodeCache                       = true                                      {product} {ergonomic}
   size_t SoftMaxHeapSize                          = 1574961152                             {manageable} {ergonomic}
     bool UseCompressedOops                        = true                           {product lp64_product} {ergonomic}
     bool UseG1GC                                  = true                                      {product} {ergonomic}
     bool UseLargePagesIndividualAllocation        = false                                  {pd product} {ergonomic}

Logging:
Log output configuration:
 #0: stdout all=warning uptime,level,tags foldmultilines=false
 #1: stderr all=off uptime,level,tags foldmultilines=false

Environment Variables:
JAVA_HOME=C:\Program Files\Eclipse Adoptium\jdk-21.0.2.13-hotspot\
PATH=C:\Program Files\Eclipse Adoptium\jdk-21.0.2.13-hotspot\bin;C:\Program Files\Common Files\Oracle\Java\javapath;C:\WINDOWS\system32;C:\WINDOWS;C:\WINDOWS\System32\Wbem;C:\WINDOWS\System32\WindowsPowerShell\v1.0\;C:\WINDOWS\System32\OpenSSH\;C:\Program Files\Java\jdk-11\bin;C:\Program Files\Git\cmd;C:\Program Files\Docker\Docker\resources\bin;C:\Program Files\Amazon\AWSCLIV2\;C:\Users\Zelto Lira\AppData\Local\Microsoft\WindowsApps;C:\apache-maven-3.9.3\bin;C:\Program Files\JetBrains\IntelliJ IDEA Educational Edition 2022.2.2\bin;C:\Program Files\Java\jdk-17\bin;;C:\Program Files\Java\jdk-17\bin;C:\Program Files\Eclipse Adoptium\jdk-21.0.2.13-hotspot\bin;
USERNAME=Zelto Lira
OS=Windows_NT
PROCESSOR_IDENTIFIER=AMD64 Family 23 Model 104 Stepping 1, AuthenticAMD
TMP=C:\Users\ZELTOL~1\AppData\Local\Temp
TEMP=C:\Users\ZELTOL~1\AppData\Local\Temp




Periodic native trim disabled

---------------  S Y S T E M  ---------------

OS:
 Windows 11 , 64 bit Build 22621 (10.0.22621.3672)
OS uptime: 0 days 23:42 hours
Hyper-V role detected

CPU: total 16 (initial active 16) (16 cores per cpu, 2 threads per core) family 23 model 104 stepping 1 microcode 0x0, cx8, cmov, fxsr, ht, mmx, 3dnowpref, sse, sse2, sse3, ssse3, sse4a, sse4.1, sse4.2, popcnt, lzcnt, tsc, tscinvbit, avx, avx2, aes, clmul, bmi1, bmi2, adx, sha, fma, vzeroupper, clflush, clflushopt, hv, rdtscp, rdpid, f16c
Processor Information for all 16 processors :
  Max Mhz: 1801, Current Mhz: 1801, Mhz Limit: 1801

Memory: 4k page, system-wide physical 6005M (416M free)
TotalPageFile size 24437M (AvailPageFile size 82M)
current process WorkingSet (physical memory assigned to process): 11M, peak: 11M
current process commit charge ("private bytes"): 70M, peak: 164M

vm_info: OpenJDK 64-Bit Server VM (21.0.2+13-LTS) for windows-amd64 JRE (21.0.2+13-LTS), built on 2024-01-16T00:00:00Z by "admin" with unknown MS VC++:1937

END.
